Using pre-set license
Built from '2020.3/staging' branch; Version is '2020.3.5f1 (8095aa901b9b) revision 8426922'; Using compiler version '192528614'; Build Type 'Release'
OS: 'Windows 10 Education; OS build 19042.508; Version 2009; 64bit' Language: 'en' Physical Memory: 32687 MB
BatchMode: 1, IsHumanControllingUs: 0, StartBugReporterOnCrash: 0, Is64bit: 1, IsPro: 0

 COMMAND LINE ARGUMENTS:
C:\Program Files\Unity\Hub\Editor\2020.3.5f1\Editor\Unity.exe
-adb2
-batchMode
-noUpm
-name
AssetImportWorker0
-projectPath
C:/Users/s218014/Desktop/Dev/unity-animation-exercise
-logFile
Logs/AssetImportWorker0.log
-srvPort
55034
Successfully changed project path to: C:/Users/s218014/Desktop/Dev/unity-animation-exercise
C:/Users/s218014/Desktop/Dev/unity-animation-exercise
Using Asset Import Pipeline V2.
Refreshing native plugins compatible for Editor in 54.50 ms, found 0 plugins.
Preloading 0 native plugins for Editor in 0.00 ms.
Initialize engine version: 2020.3.5f1 (8095aa901b9b)
[Subsystems] Discovering subsystems at path C:/Program Files/Unity/Hub/Editor/2020.3.5f1/Editor/Data/Resources/UnitySubsystems
[Subsystems] Discovering subsystems at path C:/Users/s218014/Desktop/Dev/unity-animation-exercise/Assets
GfxDevice: creating device client; threaded=0
Direct3D:
    Version:  Direct3D 11.0 [level 11.0]
    Renderer: NVIDIA GeForce GTX 770 (ID=0x1184)
    Vendor:   
    VRAM:     2007 MB
    Driver:   27.21.14.5698
Initialize mono
Mono path[0] = 'C:/Program Files/Unity/Hub/Editor/2020.3.5f1/Editor/Data/Managed'
Mono path[1] = 'C:/Program Files/Unity/Hub/Editor/2020.3.5f1/Editor/Data/MonoBleedingEdge/lib/mono/unityjit'
Mono config path = 'C:/Program Files/Unity/Hub/Editor/2020.3.5f1/Editor/Data/MonoBleedingEdge/etc'
Using monoOptions --debugger-agent=transport=dt_socket,embedding=1,server=y,suspend=n,address=127.0.0.1:56444
Begin MonoManager ReloadAssembly
Registering precompiled unity dll's ...
Register platform support module: C:/Program Files/Unity/Hub/Editor/2020.3.5f1/Editor/Data/PlaybackEngines/WebGLSupport/UnityEditor.WebGL.Extensions.dll
Register platform support module: C:/Program Files/Unity/Hub/Editor/2020.3.5f1/Editor/Data/PlaybackEngines/WindowsStandaloneSupport/UnityEditor.WindowsStandalone.Extensions.dll
Registered in 0.002896 seconds.
Native extension for WindowsStandalone target not found
Native extension for WebGL target not found
Refreshing native plugins compatible for Editor in 31.30 ms, found 0 plugins.
Preloading 0 native plugins for Editor in 0.00 ms.
Mono: successfully reloaded assembly
- Completed reload, in  1.699 seconds
Platform modules already initialized, skipping
Registering precompiled user dll's ...
Registered in 0.000720 seconds.
Begin MonoManager ReloadAssembly
Native extension for WindowsStandalone target not found
Native extension for WebGL target not found
Refreshing native plugins compatible for Editor in 0.33 ms, found 0 plugins.
Preloading 0 native plugins for Editor in 0.00 ms.
Mono: successfully reloaded assembly
- Completed reload, in  1.191 seconds
Platform modules already initialized, skipping
========================================================================
Worker process is ready to serve import requests
Launched and connected shader compiler UnityShaderCompiler.exe after 0.04 seconds
Refreshing native plugins compatible for Editor in 0.32 ms, found 0 plugins.
Preloading 0 native plugins for Editor in 0.00 ms.
Unloading 1116 Unused Serialized files (Serialized files now loaded: 0)
System memory in use before: 57.0 MB.
System memory in use after: 57.1 MB.

Unloading 9 unused Assets to reduce memory usage. Loaded Objects now: 1559.
Total: 2.144600 ms (FindLiveObjects: 0.258000 ms CreateObjectMapping: 0.064900 ms MarkObjects: 1.752100 ms  DeleteObjects: 0.068000 ms)

========================================================================
Received Import Request.
  path: Assets/Scenes/DemoScene.unity
  artifactKey: Guid(9fc0d4010bbf28b4594072e72b8655ab) Importer(815301076,1909f56bfc062723c751e8b465ee728b)
Start importing Assets/Scenes/DemoScene.unity using Guid(9fc0d4010bbf28b4594072e72b8655ab) Importer(815301076,1909f56bfc062723c751e8b465ee728b)  -> (artifact id: 'e25d885aca111f1697d66fe366d76163') in 0.030357 seconds
  Import took 0.032481 seconds .

========================================================================
Received Import Request.
  Time since last request: 119.625361 seconds.
  path: Assets/Characters/Player.prefab
  artifactKey: Guid(76dcaaf71c762644dad84095ea7545f6) Importer(815301076,1909f56bfc062723c751e8b465ee728b)
Start importing Assets/Characters/Player.prefab using Guid(76dcaaf71c762644dad84095ea7545f6) Importer(815301076,1909f56bfc062723c751e8b465ee728b)  -> (artifact id: '34ee10dbe179a44613b3447028295d65') in 0.392318 seconds
  Import took 0.395878 seconds .

========================================================================
Received Import Request.
  Time since last request: 38.790192 seconds.
  path: Assets/Animations/Falling Idle.fbx
  artifactKey: Guid(177d9ec1e09a38948ad1e81e05354067) Importer(815301076,1909f56bfc062723c751e8b465ee728b)
Start importing Assets/Animations/Falling Idle.fbx using Guid(177d9ec1e09a38948ad1e81e05354067) Importer(815301076,1909f56bfc062723c751e8b465ee728b)  -> (artifact id: 'a0a598774355d6816e553a17adeeccc6') in 0.237536 seconds
  Import took 0.240757 seconds .

========================================================================
Received Import Request.
  Time since last request: 0.000207 seconds.
  path: Assets/Animations/ybot.fbx
  artifactKey: Guid(eb46073a30216344ab1565120ea9bd9e) Importer(815301076,1909f56bfc062723c751e8b465ee728b)
Start importing Assets/Animations/ybot.fbx using Guid(eb46073a30216344ab1565120ea9bd9e) Importer(815301076,1909f56bfc062723c751e8b465ee728b)  -> (artifact id: 'e660cb7b1135a358f465d15a118d10da') in 0.101624 seconds
  Import took 0.103930 seconds .

========================================================================
Received Import Request.
  Time since last request: 0.000217 seconds.
  path: Assets/Animations/Falling Idle.fbx
  artifactKey: Guid(177d9ec1e09a38948ad1e81e05354067) Importer(815301076,1909f56bfc062723c751e8b465ee728b)
Start importing Assets/Animations/Falling Idle.fbx using Guid(177d9ec1e09a38948ad1e81e05354067) Importer(815301076,1909f56bfc062723c751e8b465ee728b)  -> (artifact id: 'a0a598774355d6816e553a17adeeccc6') in 0.102801 seconds
  Import took 0.106334 seconds .

========================================================================
Received Import Request.
  Time since last request: 0.000957 seconds.
  path: Assets/Animations/Running.fbx
  artifactKey: Guid(6717ae6fff9c37b4bb151239e07ef9cb) Importer(815301076,1909f56bfc062723c751e8b465ee728b)
Start importing Assets/Animations/Running.fbx using Guid(6717ae6fff9c37b4bb151239e07ef9cb) Importer(815301076,1909f56bfc062723c751e8b465ee728b)  -> (artifact id: '74e7c75274b31fb9ce54d103b19cf6e2') in 0.113393 seconds
  Import took 0.117315 seconds .

========================================================================
Received Import Request.
  Time since last request: 0.000256 seconds.
  path: Assets/Animations/Wave Hip Hop Dance.fbx
  artifactKey: Guid(23a2f8c7302143c418a2ed641640a8c7) Importer(815301076,1909f56bfc062723c751e8b465ee728b)
Start importing Assets/Animations/Wave Hip Hop Dance.fbx using Guid(23a2f8c7302143c418a2ed641640a8c7) Importer(815301076,1909f56bfc062723c751e8b465ee728b)  -> (artifact id: '2edc0925ef4c281ae3eb2080ce1dc586') in 0.079742 seconds
  Import took 0.084889 seconds .

========================================================================
Received Import Request.
  Time since last request: 0.000258 seconds.
  path: Assets/Animations/Idle.fbx
  artifactKey: Guid(bd1b0f11dea246748993a662877a1305) Importer(815301076,1909f56bfc062723c751e8b465ee728b)
Start importing Assets/Animations/Idle.fbx using Guid(bd1b0f11dea246748993a662877a1305) Importer(815301076,1909f56bfc062723c751e8b465ee728b)  -> (artifact id: '126776c06a041813aef007ff3dd178b8') in 0.083116 seconds
  Import took 0.087091 seconds .

========================================================================
Received Import Request.
  Time since last request: 0.000249 seconds.
  path: Assets/Animations/Walking.fbx
  artifactKey: Guid(08054867c601e1e418c4725074b15b31) Importer(815301076,1909f56bfc062723c751e8b465ee728b)
Start importing Assets/Animations/Walking.fbx using Guid(08054867c601e1e418c4725074b15b31) Importer(815301076,1909f56bfc062723c751e8b465ee728b)  -> (artifact id: '114516d1fcad32dbf0603df688b38853') in 0.063269 seconds
  Import took 0.066806 seconds .

========================================================================
Received Import Request.
  Time since last request: 0.006484 seconds.
  path: Assets/Animations/Walking.fbx
  artifactKey: Guid(08054867c601e1e418c4725074b15b31) Importer(815301076,1909f56bfc062723c751e8b465ee728b)
Start importing Assets/Animations/Walking.fbx using Guid(08054867c601e1e418c4725074b15b31) Importer(815301076,1909f56bfc062723c751e8b465ee728b)  -> (artifact id: '114516d1fcad32dbf0603df688b38853') in 0.063316 seconds
  Import took 0.066545 seconds .

========================================================================
Received Prepare
Registering precompiled user dll's ...
Registered in 0.000741 seconds.
Begin MonoManager ReloadAssembly
Native extension for WindowsStandalone target not found
Native extension for WebGL target not found
Refreshing native plugins compatible for Editor in 0.46 ms, found 0 plugins.
Preloading 0 native plugins for Editor in 0.00 ms.
Mono: successfully reloaded assembly
- Completed reload, in  1.090 seconds
Platform modules already initialized, skipping
Refreshing native plugins compatible for Editor in 0.33 ms, found 0 plugins.
Preloading 0 native plugins for Editor in 0.00 ms.
Unloading 1110 Unused Serialized files (Serialized files now loaded: 0)
System memory in use before: 74.1 MB.
System memory in use after: 74.2 MB.

Unloading 5 unused Assets to reduce memory usage. Loaded Objects now: 1607.
Total: 1.819900 ms (FindLiveObjects: 0.241600 ms CreateObjectMapping: 0.048000 ms MarkObjects: 1.509500 ms  DeleteObjects: 0.019400 ms)

========================================================================
Received Import Request.
  Time since last request: 163.139319 seconds.
  path: Assets/Animations
  artifactKey: Guid(87a3e30560171ab4badc68f7f83e954c) Importer(815301076,1909f56bfc062723c751e8b465ee728b)
Start importing Assets/Animations using Guid(87a3e30560171ab4badc68f7f83e954c) Importer(815301076,1909f56bfc062723c751e8b465ee728b)  -> (artifact id: 'de11182d51aeac3a132b61d7747939f4') in 0.015249 seconds
  Import took 0.017587 seconds .

========================================================================
Received Import Request.
  Time since last request: 0.008451 seconds.
  path: Assets/Animations
  artifactKey: Guid(87a3e30560171ab4badc68f7f83e954c) Importer(815301076,1909f56bfc062723c751e8b465ee728b)
Start importing Assets/Animations using Guid(87a3e30560171ab4badc68f7f83e954c) Importer(815301076,1909f56bfc062723c751e8b465ee728b)  -> (artifact id: 'de11182d51aeac3a132b61d7747939f4') in 0.002659 seconds
  Import took 0.004804 seconds .

========================================================================
Received Prepare
Registering precompiled user dll's ...
Registered in 0.001544 seconds.
Begin MonoManager ReloadAssembly
Native extension for WindowsStandalone target not found
Native extension for WebGL target not found
Refreshing native plugins compatible for Editor in 0.33 ms, found 0 plugins.
Preloading 0 native plugins for Editor in 0.00 ms.
Mono: successfully reloaded assembly
- Completed reload, in  1.047 seconds
Platform modules already initialized, skipping
Refreshing native plugins compatible for Editor in 0.35 ms, found 0 plugins.
Preloading 0 native plugins for Editor in 0.00 ms.
Unloading 1110 Unused Serialized files (Serialized files now loaded: 0)
System memory in use before: 74.1 MB.
System memory in use after: 74.2 MB.

Unloading 4 unused Assets to reduce memory usage. Loaded Objects now: 1610.
Total: 1.643900 ms (FindLiveObjects: 0.141600 ms CreateObjectMapping: 0.048500 ms MarkObjects: 1.437500 ms  DeleteObjects: 0.014800 ms)

========================================================================
Received Import Request.
  Time since last request: 61.836082 seconds.
  path: Assets/Animations/New Animator Controller.controller
  artifactKey: Guid(ef47ea1724cabb94ab651c4c425adb2a) Importer(815301076,1909f56bfc062723c751e8b465ee728b)
Start importing Assets/Animations/New Animator Controller.controller using Guid(ef47ea1724cabb94ab651c4c425adb2a) Importer(815301076,1909f56bfc062723c751e8b465ee728b)  -> (artifact id: 'e923715824fe6290de14190b3f1eec0f') in 0.023559 seconds
  Import took 0.026307 seconds .

========================================================================
Received Import Request.
  Time since last request: 17.236503 seconds.
  path: Assets/Animations/YBot_AC.controller
  artifactKey: Guid(ef47ea1724cabb94ab651c4c425adb2a) Importer(815301076,1909f56bfc062723c751e8b465ee728b)
Start importing Assets/Animations/YBot_AC.controller using Guid(ef47ea1724cabb94ab651c4c425adb2a) Importer(815301076,1909f56bfc062723c751e8b465ee728b)  -> (artifact id: 'c33f195d20f9c751399160c5e46d014a') in 0.007815 seconds
  Import took 0.010653 seconds .

========================================================================
Received Prepare
Registering precompiled user dll's ...
Registered in 0.001257 seconds.
Begin MonoManager ReloadAssembly
Native extension for WindowsStandalone target not found
Native extension for WebGL target not found
Refreshing native plugins compatible for Editor in 0.60 ms, found 0 plugins.
Preloading 0 native plugins for Editor in 0.00 ms.
Mono: successfully reloaded assembly
- Completed reload, in  1.072 seconds
Platform modules already initialized, skipping
Refreshing native plugins compatible for Editor in 0.32 ms, found 0 plugins.
Preloading 0 native plugins for Editor in 0.00 ms.
Unloading 1110 Unused Serialized files (Serialized files now loaded: 0)
System memory in use before: 74.1 MB.
System memory in use after: 74.2 MB.

Unloading 4 unused Assets to reduce memory usage. Loaded Objects now: 1613.
Total: 1.965100 ms (FindLiveObjects: 0.150700 ms CreateObjectMapping: 0.048800 ms MarkObjects: 1.742600 ms  DeleteObjects: 0.021300 ms)

========================================================================
Received Prepare
Registering precompiled user dll's ...
Registered in 0.001018 seconds.
Begin MonoManager ReloadAssembly
Native extension for WindowsStandalone target not found
Native extension for WebGL target not found
Refreshing native plugins compatible for Editor in 0.34 ms, found 0 plugins.
Preloading 0 native plugins for Editor in 0.00 ms.
Mono: successfully reloaded assembly
- Completed reload, in  1.082 seconds
Platform modules already initialized, skipping
Refreshing native plugins compatible for Editor in 0.32 ms, found 0 plugins.
Preloading 0 native plugins for Editor in 0.00 ms.
Unloading 1110 Unused Serialized files (Serialized files now loaded: 0)
System memory in use before: 74.1 MB.
System memory in use after: 74.3 MB.

Unloading 4 unused Assets to reduce memory usage. Loaded Objects now: 1616.
Total: 2.498400 ms (FindLiveObjects: 0.287500 ms CreateObjectMapping: 0.054300 ms MarkObjects: 2.125300 ms  DeleteObjects: 0.028300 ms)

========================================================================
Received Prepare
Registering precompiled user dll's ...
Registered in 0.000967 seconds.
Begin MonoManager ReloadAssembly
Native extension for WindowsStandalone target not found
Native extension for WebGL target not found
Refreshing native plugins compatible for Editor in 0.35 ms, found 0 plugins.
Preloading 0 native plugins for Editor in 0.00 ms.
Mono: successfully reloaded assembly
- Completed reload, in  1.223 seconds
Platform modules already initialized, skipping
Refreshing native plugins compatible for Editor in 0.42 ms, found 0 plugins.
Preloading 0 native plugins for Editor in 0.00 ms.
Unloading 1110 Unused Serialized files (Serialized files now loaded: 0)
System memory in use before: 74.2 MB.
System memory in use after: 74.3 MB.

Unloading 4 unused Assets to reduce memory usage. Loaded Objects now: 1619.
Total: 3.304400 ms (FindLiveObjects: 0.316200 ms CreateObjectMapping: 0.065400 ms MarkObjects: 2.889500 ms  DeleteObjects: 0.030200 ms)

========================================================================
Received Prepare
Registering precompiled user dll's ...
Registered in 0.000949 seconds.
Begin MonoManager ReloadAssembly
Native extension for WindowsStandalone target not found
Native extension for WebGL target not found
Refreshing native plugins compatible for Editor in 0.33 ms, found 0 plugins.
Preloading 0 native plugins for Editor in 0.00 ms.
Mono: successfully reloaded assembly
- Completed reload, in  1.262 seconds
Platform modules already initialized, skipping
Refreshing native plugins compatible for Editor in 0.35 ms, found 0 plugins.
Preloading 0 native plugins for Editor in 0.00 ms.
Unloading 1110 Unused Serialized files (Serialized files now loaded: 0)
System memory in use before: 74.2 MB.
System memory in use after: 74.3 MB.

Unloading 4 unused Assets to reduce memory usage. Loaded Objects now: 1622.
Total: 2.556300 ms (FindLiveObjects: 0.217100 ms CreateObjectMapping: 0.060900 ms MarkObjects: 2.256400 ms  DeleteObjects: 0.019800 ms)

========================================================================
Received Prepare
Registering precompiled user dll's ...
Registered in 0.000906 seconds.
Begin MonoManager ReloadAssembly
Native extension for WindowsStandalone target not found
Native extension for WebGL target not found
Refreshing native plugins compatible for Editor in 0.38 ms, found 0 plugins.
Preloading 0 native plugins for Editor in 0.00 ms.
Mono: successfully reloaded assembly
- Completed reload, in  1.297 seconds
Platform modules already initialized, skipping
Refreshing native plugins compatible for Editor in 0.32 ms, found 0 plugins.
Preloading 0 native plugins for Editor in 0.00 ms.
Unloading 1110 Unused Serialized files (Serialized files now loaded: 0)
System memory in use before: 74.2 MB.
System memory in use after: 74.3 MB.

Unloading 4 unused Assets to reduce memory usage. Loaded Objects now: 1625.
Total: 2.086100 ms (FindLiveObjects: 0.154300 ms CreateObjectMapping: 0.047500 ms MarkObjects: 1.864200 ms  DeleteObjects: 0.018200 ms)

========================================================================
Received Import Request.
  Time since last request: 541.520444 seconds.
  path: Assets/Animations/Walking.fbx
  artifactKey: Guid(08054867c601e1e418c4725074b15b31) Importer(815301076,1909f56bfc062723c751e8b465ee728b)
Start importing Assets/Animations/Walking.fbx using Guid(08054867c601e1e418c4725074b15b31) Importer(815301076,1909f56bfc062723c751e8b465ee728b)  -> (artifact id: '9ffbf06ab8def143065b58687ba889e6') in 0.186616 seconds
  Import took 0.189823 seconds .

========================================================================
Received Import Request.
  Time since last request: 14.903115 seconds.
  path: Assets/Animations/d.fbx
  artifactKey: Guid(08054867c601e1e418c4725074b15b31) Importer(815301076,1909f56bfc062723c751e8b465ee728b)
Start importing Assets/Animations/d.fbx using Guid(08054867c601e1e418c4725074b15b31) Importer(815301076,1909f56bfc062723c751e8b465ee728b)  -> (artifact id: 'da38e833f2160213c0de55020356cfb0') in 0.060931 seconds
  Import took 0.064159 seconds .

========================================================================
Received Import Request.
  Time since last request: 0.139459 seconds.
  path: Assets/Animations/d.fbx
  artifactKey: Guid(08054867c601e1e418c4725074b15b31) Importer(815301076,1909f56bfc062723c751e8b465ee728b)
Start importing Assets/Animations/d.fbx using Guid(08054867c601e1e418c4725074b15b31) Importer(815301076,1909f56bfc062723c751e8b465ee728b)  -> (artifact id: 'da38e833f2160213c0de55020356cfb0') in 0.061328 seconds
  Import took 0.065914 seconds .

========================================================================
Received Prepare
Registering precompiled user dll's ...
Registered in 0.001824 seconds.
Begin MonoManager ReloadAssembly
Native extension for WindowsStandalone target not found
Native extension for WebGL target not found
Refreshing native plugins compatible for Editor in 0.45 ms, found 0 plugins.
Preloading 0 native plugins for Editor in 0.00 ms.
Mono: successfully reloaded assembly
- Completed reload, in  1.066 seconds
Platform modules already initialized, skipping
Refreshing native plugins compatible for Editor in 0.34 ms, found 0 plugins.
Preloading 0 native plugins for Editor in 0.00 ms.
Unloading 1110 Unused Serialized files (Serialized files now loaded: 0)
System memory in use before: 74.2 MB.
System memory in use after: 74.3 MB.

Unloading 4 unused Assets to reduce memory usage. Loaded Objects now: 1629.
Total: 2.849100 ms (FindLiveObjects: 0.302800 ms CreateObjectMapping: 0.054300 ms MarkObjects: 2.462700 ms  DeleteObjects: 0.027000 ms)

========================================================================
Received Import Request.
  Time since last request: 22.040670 seconds.
  path: Assets/Animations/Wave Hip Hop Dance.fbx
  artifactKey: Guid(23a2f8c7302143c418a2ed641640a8c7) Importer(815301076,1909f56bfc062723c751e8b465ee728b)
Start importing Assets/Animations/Wave Hip Hop Dance.fbx using Guid(23a2f8c7302143c418a2ed641640a8c7) Importer(815301076,1909f56bfc062723c751e8b465ee728b)  -> (artifact id: '59b6ca48118b862dea8ebc8becd39b7b') in 0.176436 seconds
  Import took 0.179314 seconds .

========================================================================
Received Import Request.
  Time since last request: 40.313288 seconds.
  path: Assets/Animations/Running.fbx
  artifactKey: Guid(6717ae6fff9c37b4bb151239e07ef9cb) Importer(815301076,1909f56bfc062723c751e8b465ee728b)
Start importing Assets/Animations/Running.fbx using Guid(6717ae6fff9c37b4bb151239e07ef9cb) Importer(815301076,1909f56bfc062723c751e8b465ee728b)  -> (artifact id: '85321b29845ee45f1ae562ba230aafc4') in 0.074044 seconds
  Import took 0.078113 seconds .

========================================================================
Received Import Request.
  Time since last request: 9.980844 seconds.
  path: Assets/Animations/Idle.fbx
  artifactKey: Guid(bd1b0f11dea246748993a662877a1305) Importer(815301076,1909f56bfc062723c751e8b465ee728b)
Start importing Assets/Animations/Idle.fbx using Guid(bd1b0f11dea246748993a662877a1305) Importer(815301076,1909f56bfc062723c751e8b465ee728b)  -> (artifact id: '83c13a86d8ea115113ccf95b6568dbc9') in 0.072903 seconds
  Import took 0.075909 seconds .

========================================================================
Received Import Request.
  Time since last request: 13.266451 seconds.
  path: Assets/Animations/Falling Idle.fbx
  artifactKey: Guid(177d9ec1e09a38948ad1e81e05354067) Importer(815301076,1909f56bfc062723c751e8b465ee728b)
Start importing Assets/Animations/Falling Idle.fbx using Guid(177d9ec1e09a38948ad1e81e05354067) Importer(815301076,1909f56bfc062723c751e8b465ee728b)  -> (artifact id: '7358c8c05c72123d86c25ac562a612f5') in 0.091111 seconds
  Import took 0.094510 seconds .

========================================================================
Received Import Request.
  Time since last request: 204.085468 seconds.
  path: Assets/Characters/Player.prefab
  artifactKey: Guid(76dcaaf71c762644dad84095ea7545f6) Importer(815301076,1909f56bfc062723c751e8b465ee728b)
Start importing Assets/Characters/Player.prefab using Guid(76dcaaf71c762644dad84095ea7545f6) Importer(815301076,1909f56bfc062723c751e8b465ee728b) The Animator Controller (New Animator Controller) you have used is not valid. Animations will not play
UnityEngine.StackTraceUtility:ExtractStackTrace ()
UnityEditor.EditorUtility:Internal_InstantiateRemoveAllNonAnimationComponentsSingle (UnityEngine.Object,UnityEngine.Vector3,UnityEngine.Quaternion)
UnityEditor.EditorUtility:InstantiateRemoveAllNonAnimationComponents (UnityEngine.Object,UnityEngine.Vector3,UnityEngine.Quaternion)
UnityEditor.EditorUtility:InstantiateForAnimatorPreview (UnityEngine.Object)
UnityEditor.GameObjectInspector/PreviewData:UpdateGameObject (UnityEngine.Object)
UnityEditor.GameObjectInspector/PreviewData:.ctor (UnityEngine.Object)
UnityEditor.GameObjectInspector:GetPreviewData ()
UnityEditor.GameObjectInspector:RenderStaticPreview (string,UnityEngine.Object[],int,int)
UnityEditor.AssetPreviewUpdater:CreatePreviewForAsset (UnityEngine.Object,UnityEngine.Object[],string)

[C:\buildslave\unity\build\Modules/Animation/Director/AnimatorControllerPlayable.cpp line 333]

The Animator Controller (New Animator Controller) you have used is not valid. Animations will not play
UnityEngine.StackTraceUtility:ExtractStackTrace ()
UnityEditor.EditorUtility:InitInstantiatedPreviewRecursive (UnityEngine.GameObject)
UnityEditor.EditorUtility:InstantiateForAnimatorPreview (UnityEngine.Object)
UnityEditor.GameObjectInspector/PreviewData:UpdateGameObject (UnityEngine.Object)
UnityEditor.GameObjectInspector/PreviewData:.ctor (UnityEngine.Object)
UnityEditor.GameObjectInspector:GetPreviewData ()
UnityEditor.GameObjectInspector:RenderStaticPreview (string,UnityEngine.Object[],int,int)
UnityEditor.AssetPreviewUpdater:CreatePreviewForAsset (UnityEngine.Object,UnityEngine.Object[],string)

[C:\buildslave\unity\build\Modules/Animation/Director/AnimatorControllerPlayable.cpp line 333]

 -> (artifact id: '297f0e5ee5a7e18ef2ac63f0589258c4') in 0.053956 seconds
  Import took 0.056992 seconds .

========================================================================
Received Import Request.
  Time since last request: 0.106211 seconds.
  path: Assets/Characters/Player.prefab
  artifactKey: Guid(76dcaaf71c762644dad84095ea7545f6) Importer(815301076,1909f56bfc062723c751e8b465ee728b)
Start importing Assets/Characters/Player.prefab using Guid(76dcaaf71c762644dad84095ea7545f6) Importer(815301076,1909f56bfc062723c751e8b465ee728b) The Animator Controller (New Animator Controller) you have used is not valid. Animations will not play
UnityEngine.StackTraceUtility:ExtractStackTrace ()
UnityEditor.EditorUtility:Internal_InstantiateRemoveAllNonAnimationComponentsSingle (UnityEngine.Object,UnityEngine.Vector3,UnityEngine.Quaternion)
UnityEditor.EditorUtility:InstantiateRemoveAllNonAnimationComponents (UnityEngine.Object,UnityEngine.Vector3,UnityEngine.Quaternion)
UnityEditor.EditorUtility:InstantiateForAnimatorPreview (UnityEngine.Object)
UnityEditor.GameObjectInspector/PreviewData:UpdateGameObject (UnityEngine.Object)
UnityEditor.GameObjectInspector/PreviewData:.ctor (UnityEngine.Object)
UnityEditor.GameObjectInspector:GetPreviewData ()
UnityEditor.GameObjectInspector:RenderStaticPreview (string,UnityEngine.Object[],int,int)
UnityEditor.AssetPreviewUpdater:CreatePreviewForAsset (UnityEngine.Object,UnityEngine.Object[],string)

[C:\buildslave\unity\build\Modules/Animation/Director/AnimatorControllerPlayable.cpp line 333]

The Animator Controller (New Animator Controller) you have used is not valid. Animations will not play
UnityEngine.StackTraceUtility:ExtractStackTrace ()
UnityEditor.EditorUtility:InitInstantiatedPreviewRecursive (UnityEngine.GameObject)
UnityEditor.EditorUtility:InstantiateForAnimatorPreview (UnityEngine.Object)
UnityEditor.GameObjectInspector/PreviewData:UpdateGameObject (UnityEngine.Object)
UnityEditor.GameObjectInspector/PreviewData:.ctor (UnityEngine.Object)
UnityEditor.GameObjectInspector:GetPreviewData ()
UnityEditor.GameObjectInspector:RenderStaticPreview (string,UnityEngine.Object[],int,int)
UnityEditor.AssetPreviewUpdater:CreatePreviewForAsset (UnityEngine.Object,UnityEngine.Object[],string)

[C:\buildslave\unity\build\Modules/Animation/Director/AnimatorControllerPlayable.cpp line 333]

 -> (artifact id: '297f0e5ee5a7e18ef2ac63f0589258c4') in 0.025286 seconds
  Import took 0.029693 seconds .

========================================================================
Received Prepare
Registering precompiled user dll's ...
Registered in 0.000848 seconds.
Begin MonoManager ReloadAssembly
Native extension for WindowsStandalone target not found
Native extension for WebGL target not found
Refreshing native plugins compatible for Editor in 0.32 ms, found 0 plugins.
Preloading 0 native plugins for Editor in 0.00 ms.
Mono: successfully reloaded assembly
- Completed reload, in  1.116 seconds
Platform modules already initialized, skipping
Refreshing native plugins compatible for Editor in 0.32 ms, found 0 plugins.
Preloading 0 native plugins for Editor in 0.00 ms.
Unloading 1110 Unused Serialized files (Serialized files now loaded: 0)
System memory in use before: 74.4 MB.
System memory in use after: 74.5 MB.

Unloading 4 unused Assets to reduce memory usage. Loaded Objects now: 1633.
Total: 1.833300 ms (FindLiveObjects: 0.205300 ms CreateObjectMapping: 0.048000 ms MarkObjects: 1.558200 ms  DeleteObjects: 0.019900 ms)

========================================================================
Received Prepare
Registering precompiled user dll's ...
Registered in 0.000877 seconds.
Begin MonoManager ReloadAssembly
Native extension for WindowsStandalone target not found
Native extension for WebGL target not found
Refreshing native plugins compatible for Editor in 0.54 ms, found 0 plugins.
Preloading 0 native plugins for Editor in 0.00 ms.
Mono: successfully reloaded assembly
- Completed reload, in  1.077 seconds
Platform modules already initialized, skipping
Refreshing native plugins compatible for Editor in 0.35 ms, found 0 plugins.
Preloading 0 native plugins for Editor in 0.00 ms.
Unloading 1110 Unused Serialized files (Serialized files now loaded: 0)
System memory in use before: 74.4 MB.
System memory in use after: 74.5 MB.

Unloading 4 unused Assets to reduce memory usage. Loaded Objects now: 1636.
Total: 2.820700 ms (FindLiveObjects: 0.175100 ms CreateObjectMapping: 0.047100 ms MarkObjects: 2.573100 ms  DeleteObjects: 0.023100 ms)

========================================================================
Received Import Request.
  Time since last request: 804.364027 seconds.
  path: Assets/Scripts
  artifactKey: Guid(cfa883d2975120245818bceab41a3eab) Importer(815301076,1909f56bfc062723c751e8b465ee728b)
Start importing Assets/Scripts using Guid(cfa883d2975120245818bceab41a3eab) Importer(815301076,1909f56bfc062723c751e8b465ee728b)  -> (artifact id: '4409f8563806e257b297e254a90515e7') in 0.013129 seconds
  Import took 0.015696 seconds .

========================================================================
Received Import Request.
  Time since last request: 12.035315 seconds.
  path: Assets/Scripts/PlayerAnimatorBehaviour.cs
  artifactKey: Guid(0f79e631af6d0f841b8de70fcdaaecba) Importer(815301076,1909f56bfc062723c751e8b465ee728b)
Start importing Assets/Scripts/PlayerAnimatorBehaviour.cs using Guid(0f79e631af6d0f841b8de70fcdaaecba) Importer(815301076,1909f56bfc062723c751e8b465ee728b)  -> (artifact id: '55c1ec768027e4fdf82b5b3a1a6d0210') in 0.011969 seconds
  Import took 0.015435 seconds .

========================================================================
Received Prepare
Registering precompiled user dll's ...
Registered in 0.000754 seconds.
Begin MonoManager ReloadAssembly
Native extension for WindowsStandalone target not found
Native extension for WebGL target not found
Refreshing native plugins compatible for Editor in 0.33 ms, found 0 plugins.
Preloading 0 native plugins for Editor in 0.00 ms.
Mono: successfully reloaded assembly
- Completed reload, in  1.291 seconds
Platform modules already initialized, skipping
Refreshing native plugins compatible for Editor in 0.40 ms, found 0 plugins.
Preloading 0 native plugins for Editor in 0.00 ms.
Unloading 1111 Unused Serialized files (Serialized files now loaded: 0)
System memory in use before: 74.4 MB.
System memory in use after: 74.5 MB.

Unloading 4 unused Assets to reduce memory usage. Loaded Objects now: 1640.
Total: 3.048200 ms (FindLiveObjects: 0.300100 ms CreateObjectMapping: 0.065600 ms MarkObjects: 2.653300 ms  DeleteObjects: 0.026400 ms)

========================================================================
Received Prepare
Registering precompiled user dll's ...
Registered in 0.001855 seconds.
Begin MonoManager ReloadAssembly
Native extension for WindowsStandalone target not found
Native extension for WebGL target not found
Refreshing native plugins compatible for Editor in 0.34 ms, found 0 plugins.
Preloading 0 native plugins for Editor in 0.00 ms.
Mono: successfully reloaded assembly
- Completed reload, in  1.118 seconds
Platform modules already initialized, skipping
Refreshing native plugins compatible for Editor in 0.36 ms, found 0 plugins.
Preloading 0 native plugins for Editor in 0.00 ms.
Unloading 1111 Unused Serialized files (Serialized files now loaded: 0)
System memory in use before: 74.4 MB.
System memory in use after: 74.5 MB.

Unloading 4 unused Assets to reduce memory usage. Loaded Objects now: 1643.
Total: 1.769000 ms (FindLiveObjects: 0.189100 ms CreateObjectMapping: 0.047800 ms MarkObjects: 1.514600 ms  DeleteObjects: 0.015800 ms)

========================================================================
Received Import Request.
  Time since last request: 463.857255 seconds.
  path: Assets/Scripts/PlayerAnimatorBehaviour.cs
  artifactKey: Guid(0f79e631af6d0f841b8de70fcdaaecba) Importer(815301076,1909f56bfc062723c751e8b465ee728b)
Start importing Assets/Scripts/PlayerAnimatorBehaviour.cs using Guid(0f79e631af6d0f841b8de70fcdaaecba) Importer(815301076,1909f56bfc062723c751e8b465ee728b)  -> (artifact id: '883babb65dbf565f88597b7d4b7601ac') in 0.005611 seconds
  Import took 0.009143 seconds .

========================================================================
Received Prepare
Registering precompiled user dll's ...
Registered in 0.000898 seconds.
Begin MonoManager ReloadAssembly
Native extension for WindowsStandalone target not found
Native extension for WebGL target not found
Refreshing native plugins compatible for Editor in 0.33 ms, found 0 plugins.
Preloading 0 native plugins for Editor in 0.00 ms.
Mono: successfully reloaded assembly
- Completed reload, in  1.107 seconds
Platform modules already initialized, skipping
Refreshing native plugins compatible for Editor in 0.40 ms, found 0 plugins.
Preloading 0 native plugins for Editor in 0.00 ms.
Unloading 1111 Unused Serialized files (Serialized files now loaded: 0)
System memory in use before: 74.4 MB.
System memory in use after: 74.5 MB.

Unloading 4 unused Assets to reduce memory usage. Loaded Objects now: 1646.
Total: 2.531200 ms (FindLiveObjects: 0.349400 ms CreateObjectMapping: 0.070600 ms MarkObjects: 2.078300 ms  DeleteObjects: 0.030000 ms)

========================================================================
Received Prepare
Registering precompiled user dll's ...
Registered in 0.001245 seconds.
Begin MonoManager ReloadAssembly
Native extension for WindowsStandalone target not found
Native extension for WebGL target not found
Refreshing native plugins compatible for Editor in 0.33 ms, found 0 plugins.
Preloading 0 native plugins for Editor in 0.00 ms.
Mono: successfully reloaded assembly
- Completed reload, in  1.139 seconds
Platform modules already initialized, skipping
Refreshing native plugins compatible for Editor in 0.32 ms, found 0 plugins.
Preloading 0 native plugins for Editor in 0.00 ms.
Unloading 1111 Unused Serialized files (Serialized files now loaded: 0)
System memory in use before: 74.4 MB.
System memory in use after: 74.5 MB.

Unloading 4 unused Assets to reduce memory usage. Loaded Objects now: 1649.
Total: 2.801500 ms (FindLiveObjects: 0.207600 ms CreateObjectMapping: 0.052100 ms MarkObjects: 2.512900 ms  DeleteObjects: 0.026000 ms)

========================================================================
Received Prepare
Registering precompiled user dll's ...
Registered in 0.001236 seconds.
Begin MonoManager ReloadAssembly
Native extension for WindowsStandalone target not found
Native extension for WebGL target not found
Refreshing native plugins compatible for Editor in 0.32 ms, found 0 plugins.
Preloading 0 native plugins for Editor in 0.00 ms.
Mono: successfully reloaded assembly
- Completed reload, in  1.110 seconds
Platform modules already initialized, skipping
Refreshing native plugins compatible for Editor in 0.32 ms, found 0 plugins.
Preloading 0 native plugins for Editor in 0.00 ms.
Unloading 1111 Unused Serialized files (Serialized files now loaded: 0)
System memory in use before: 74.4 MB.
System memory in use after: 74.5 MB.

Unloading 4 unused Assets to reduce memory usage. Loaded Objects now: 1652.
Total: 1.757500 ms (FindLiveObjects: 0.163500 ms CreateObjectMapping: 0.047400 ms MarkObjects: 1.529500 ms  DeleteObjects: 0.015400 ms)

========================================================================
Received Prepare
Registering precompiled user dll's ...
Registered in 0.000900 seconds.
Begin MonoManager ReloadAssembly
Native extension for WindowsStandalone target not found
Native extension for WebGL target not found
Refreshing native plugins compatible for Editor in 0.36 ms, found 0 plugins.
Preloading 0 native plugins for Editor in 0.00 ms.
Mono: successfully reloaded assembly
- Completed reload, in  1.091 seconds
Platform modules already initialized, skipping
Refreshing native plugins compatible for Editor in 0.37 ms, found 0 plugins.
Preloading 0 native plugins for Editor in 0.00 ms.
Unloading 1111 Unused Serialized files (Serialized files now loaded: 0)
System memory in use before: 74.4 MB.
System memory in use after: 74.5 MB.

Unloading 4 unused Assets to reduce memory usage. Loaded Objects now: 1655.
Total: 1.736200 ms (FindLiveObjects: 0.160500 ms CreateObjectMapping: 0.047100 ms MarkObjects: 1.509100 ms  DeleteObjects: 0.017700 ms)

========================================================================
Received Prepare
Registering precompiled user dll's ...
Registered in 0.001338 seconds.
Begin MonoManager ReloadAssembly
Native extension for WindowsStandalone target not found
Native extension for WebGL target not found
Refreshing native plugins compatible for Editor in 0.33 ms, found 0 plugins.
Preloading 0 native plugins for Editor in 0.00 ms.
Mono: successfully reloaded assembly
- Completed reload, in  1.037 seconds
Platform modules already initialized, skipping
Refreshing native plugins compatible for Editor in 0.33 ms, found 0 plugins.
Preloading 0 native plugins for Editor in 0.00 ms.
Unloading 1111 Unused Serialized files (Serialized files now loaded: 0)
System memory in use before: 74.4 MB.
System memory in use after: 74.5 MB.

Unloading 4 unused Assets to reduce memory usage. Loaded Objects now: 1658.
Total: 2.970900 ms (FindLiveObjects: 0.308200 ms CreateObjectMapping: 0.068800 ms MarkObjects: 2.561100 ms  DeleteObjects: 0.029900 ms)

========================================================================
Received Prepare
Registering precompiled user dll's ...
Registered in 0.000809 seconds.
Begin MonoManager ReloadAssembly
Native extension for WindowsStandalone target not found
Native extension for WebGL target not found
Refreshing native plugins compatible for Editor in 0.32 ms, found 0 plugins.
Preloading 0 native plugins for Editor in 0.00 ms.
Mono: successfully reloaded assembly
- Completed reload, in  1.065 seconds
Platform modules already initialized, skipping
Refreshing native plugins compatible for Editor in 0.32 ms, found 0 plugins.
Preloading 0 native plugins for Editor in 0.00 ms.
Unloading 1111 Unused Serialized files (Serialized files now loaded: 0)
System memory in use before: 74.4 MB.
System memory in use after: 74.5 MB.

Unloading 4 unused Assets to reduce memory usage. Loaded Objects now: 1661.
Total: 1.981200 ms (FindLiveObjects: 0.188200 ms CreateObjectMapping: 0.048100 ms MarkObjects: 1.720600 ms  DeleteObjects: 0.022500 ms)

========================================================================
Received Prepare
Registering precompiled user dll's ...
Registered in 0.000842 seconds.
Begin MonoManager ReloadAssembly
Native extension for WindowsStandalone target not found
Native extension for WebGL target not found
Refreshing native plugins compatible for Editor in 0.34 ms, found 0 plugins.
Preloading 0 native plugins for Editor in 0.00 ms.
Mono: successfully reloaded assembly
- Completed reload, in  1.334 seconds
Platform modules already initialized, skipping
Refreshing native plugins compatible for Editor in 0.34 ms, found 0 plugins.
Preloading 0 native plugins for Editor in 0.00 ms.
Unloading 1111 Unused Serialized files (Serialized files now loaded: 0)
System memory in use before: 74.4 MB.
System memory in use after: 74.5 MB.

Unloading 4 unused Assets to reduce memory usage. Loaded Objects now: 1664.
Total: 1.793400 ms (FindLiveObjects: 0.159800 ms CreateObjectMapping: 0.047100 ms MarkObjects: 1.567800 ms  DeleteObjects: 0.016300 ms)

========================================================================
Received Prepare
Registering precompiled user dll's ...
Registered in 0.001416 seconds.
Begin MonoManager ReloadAssembly
Native extension for WindowsStandalone target not found
Native extension for WebGL target not found
Refreshing native plugins compatible for Editor in 0.36 ms, found 0 plugins.
Preloading 0 native plugins for Editor in 0.00 ms.
Mono: successfully reloaded assembly
- Completed reload, in  1.067 seconds
Platform modules already initialized, skipping
Refreshing native plugins compatible for Editor in 0.34 ms, found 0 plugins.
Preloading 0 native plugins for Editor in 0.00 ms.
Unloading 1111 Unused Serialized files (Serialized files now loaded: 0)
System memory in use before: 74.5 MB.
System memory in use after: 74.6 MB.

Unloading 4 unused Assets to reduce memory usage. Loaded Objects now: 1667.
Total: 1.928400 ms (FindLiveObjects: 0.310000 ms CreateObjectMapping: 0.060900 ms MarkObjects: 1.539000 ms  DeleteObjects: 0.016300 ms)

========================================================================
Received Prepare
Registering precompiled user dll's ...
Registered in 0.000813 seconds.
Begin MonoManager ReloadAssembly
Native extension for WindowsStandalone target not found
Native extension for WebGL target not found
Refreshing native plugins compatible for Editor in 0.33 ms, found 0 plugins.
Preloading 0 native plugins for Editor in 0.00 ms.
Mono: successfully reloaded assembly
- Completed reload, in  1.066 seconds
Platform modules already initialized, skipping
Refreshing native plugins compatible for Editor in 0.32 ms, found 0 plugins.
Preloading 0 native plugins for Editor in 0.00 ms.
Unloading 1111 Unused Serialized files (Serialized files now loaded: 0)
System memory in use before: 74.5 MB.
System memory in use after: 74.6 MB.

Unloading 4 unused Assets to reduce memory usage. Loaded Objects now: 1670.
Total: 3.809700 ms (FindLiveObjects: 0.294100 ms CreateObjectMapping: 0.064600 ms MarkObjects: 3.423800 ms  DeleteObjects: 0.024600 ms)

========================================================================
Received Prepare
Registering precompiled user dll's ...
Registered in 0.001402 seconds.
Begin MonoManager ReloadAssembly
Native extension for WindowsStandalone target not found
Native extension for WebGL target not found
Refreshing native plugins compatible for Editor in 0.36 ms, found 0 plugins.
Preloading 0 native plugins for Editor in 0.00 ms.
Mono: successfully reloaded assembly
- Completed reload, in  1.108 seconds
Platform modules already initialized, skipping
Refreshing native plugins compatible for Editor in 0.56 ms, found 0 plugins.
Preloading 0 native plugins for Editor in 0.00 ms.
Unloading 1111 Unused Serialized files (Serialized files now loaded: 0)
System memory in use before: 74.5 MB.
System memory in use after: 74.6 MB.

Unloading 4 unused Assets to reduce memory usage. Loaded Objects now: 1673.
Total: 9.547000 ms (FindLiveObjects: 0.372200 ms CreateObjectMapping: 0.716000 ms MarkObjects: 8.086400 ms  DeleteObjects: 0.368600 ms)

========================================================================
Received Import Request.
  Time since last request: 529.705155 seconds.
  path: Assets/Scripts/PlayerAnimatorBehaviour.cs
  artifactKey: Guid(0f79e631af6d0f841b8de70fcdaaecba) Importer(815301076,1909f56bfc062723c751e8b465ee728b)
Start importing Assets/Scripts/PlayerAnimatorBehaviour.cs using Guid(0f79e631af6d0f841b8de70fcdaaecba) Importer(815301076,1909f56bfc062723c751e8b465ee728b)  -> (artifact id: '3fd5dc52833254eae9636256e70a772b') in 0.007290 seconds
  Import took 0.010386 seconds .

========================================================================
Received Import Request.
  Time since last request: 2.386940 seconds.
  path: Assets/Scripts/PlayerAnimatorBehaviour.cs
  artifactKey: Guid(0f79e631af6d0f841b8de70fcdaaecba) Importer(815301076,1909f56bfc062723c751e8b465ee728b)
Start importing Assets/Scripts/PlayerAnimatorBehaviour.cs using Guid(0f79e631af6d0f841b8de70fcdaaecba) Importer(815301076,1909f56bfc062723c751e8b465ee728b)  -> (artifact id: '3fd5dc52833254eae9636256e70a772b') in 0.003017 seconds
  Import took 0.005288 seconds .

========================================================================
Received Prepare
Registering precompiled user dll's ...
Registered in 0.000991 seconds.
Begin MonoManager ReloadAssembly
Native extension for WindowsStandalone target not found
Native extension for WebGL target not found
Refreshing native plugins compatible for Editor in 0.33 ms, found 0 plugins.
Preloading 0 native plugins for Editor in 0.00 ms.
Mono: successfully reloaded assembly
- Completed reload, in  1.072 seconds
Platform modules already initialized, skipping
Refreshing native plugins compatible for Editor in 0.31 ms, found 0 plugins.
Preloading 0 native plugins for Editor in 0.00 ms.
Unloading 1111 Unused Serialized files (Serialized files now loaded: 0)
System memory in use before: 74.5 MB.
System memory in use after: 74.6 MB.

Unloading 4 unused Assets to reduce memory usage. Loaded Objects now: 1676.
Total: 2.690500 ms (FindLiveObjects: 0.285700 ms CreateObjectMapping: 0.065300 ms MarkObjects: 2.315900 ms  DeleteObjects: 0.021600 ms)

========================================================================
Received Prepare
Registering precompiled user dll's ...
Registered in 0.001350 seconds.
Begin MonoManager ReloadAssembly
Native extension for WindowsStandalone target not found
Native extension for WebGL target not found
Refreshing native plugins compatible for Editor in 0.42 ms, found 0 plugins.
Preloading 0 native plugins for Editor in 0.00 ms.
Mono: successfully reloaded assembly
- Completed reload, in  1.046 seconds
Platform modules already initialized, skipping
Refreshing native plugins compatible for Editor in 0.33 ms, found 0 plugins.
Preloading 0 native plugins for Editor in 0.00 ms.
Unloading 1111 Unused Serialized files (Serialized files now loaded: 0)
System memory in use before: 74.5 MB.
System memory in use after: 74.6 MB.

Unloading 4 unused Assets to reduce memory usage. Loaded Objects now: 1679.
Total: 1.828900 ms (FindLiveObjects: 0.166500 ms CreateObjectMapping: 0.082300 ms MarkObjects: 1.561000 ms  DeleteObjects: 0.017400 ms)

========================================================================
Received Prepare
Registering precompiled user dll's ...
Registered in 0.000925 seconds.
Begin MonoManager ReloadAssembly
Native extension for WindowsStandalone target not found
Native extension for WebGL target not found
Refreshing native plugins compatible for Editor in 0.33 ms, found 0 plugins.
Preloading 0 native plugins for Editor in 0.00 ms.
Mono: successfully reloaded assembly
- Completed reload, in  1.059 seconds
Platform modules already initialized, skipping
Refreshing native plugins compatible for Editor in 0.33 ms, found 0 plugins.
Preloading 0 native plugins for Editor in 0.00 ms.
Unloading 1111 Unused Serialized files (Serialized files now loaded: 0)
System memory in use before: 74.5 MB.
System memory in use after: 74.6 MB.

Unloading 4 unused Assets to reduce memory usage. Loaded Objects now: 1682.
Total: 2.043300 ms (FindLiveObjects: 0.202800 ms CreateObjectMapping: 0.050100 ms MarkObjects: 1.764600 ms  DeleteObjects: 0.023600 ms)

========================================================================
Received Import Request.
  Time since last request: 4209.613028 seconds.
  path: Assets/Animations/YBot_AC.controller
  artifactKey: Guid(ef47ea1724cabb94ab651c4c425adb2a) Importer(815301076,1909f56bfc062723c751e8b465ee728b)
Start importing Assets/Animations/YBot_AC.controller using Guid(ef47ea1724cabb94ab651c4c425adb2a) Importer(815301076,1909f56bfc062723c751e8b465ee728b)  -> (artifact id: 'dcfe49b8f5fe0e447457b7d2a782e92a') in 0.026126 seconds
  Import took 0.029917 seconds .

========================================================================
Received Import Request.
  Time since last request: 32.209892 seconds.
  path: Assets/Scripts/WinBoxBehaviour.cs
  artifactKey: Guid(3ed4f036b6c1e5c4fa0af7231dbbcbf0) Importer(815301076,1909f56bfc062723c751e8b465ee728b)
Start importing Assets/Scripts/WinBoxBehaviour.cs using Guid(3ed4f036b6c1e5c4fa0af7231dbbcbf0) Importer(815301076,1909f56bfc062723c751e8b465ee728b)  -> (artifact id: 'db24487d544aebf62d6e58d82972cc24') in 0.010264 seconds
  Import took 0.013073 seconds .

========================================================================
Received Prepare
Registering precompiled user dll's ...
Registered in 0.000903 seconds.
Begin MonoManager ReloadAssembly
Native extension for WindowsStandalone target not found
Native extension for WebGL target not found
Refreshing native plugins compatible for Editor in 0.31 ms, found 0 plugins.
Preloading 0 native plugins for Editor in 0.00 ms.
Mono: successfully reloaded assembly
- Completed reload, in  1.115 seconds
Platform modules already initialized, skipping
Refreshing native plugins compatible for Editor in 0.34 ms, found 0 plugins.
Preloading 0 native plugins for Editor in 0.00 ms.
Unloading 1111 Unused Serialized files (Serialized files now loaded: 0)
System memory in use before: 74.5 MB.
System memory in use after: 74.6 MB.

Unloading 4 unused Assets to reduce memory usage. Loaded Objects now: 1685.
Total: 1.759100 ms (FindLiveObjects: 0.166500 ms CreateObjectMapping: 0.047300 ms MarkObjects: 1.528900 ms  DeleteObjects: 0.015000 ms)

========================================================================
Received Prepare
Registering precompiled user dll's ...
Registered in 0.001324 seconds.
Begin MonoManager ReloadAssembly
Native extension for WindowsStandalone target not found
Native extension for WebGL target not found
Refreshing native plugins compatible for Editor in 0.33 ms, found 0 plugins.
Preloading 0 native plugins for Editor in 0.00 ms.
Mono: successfully reloaded assembly
- Completed reload, in  1.236 seconds
Platform modules already initialized, skipping
Refreshing native plugins compatible for Editor in 0.35 ms, found 0 plugins.
Preloading 0 native plugins for Editor in 0.00 ms.
Unloading 1111 Unused Serialized files (Serialized files now loaded: 0)
System memory in use before: 74.5 MB.
System memory in use after: 74.6 MB.

Unloading 4 unused Assets to reduce memory usage. Loaded Objects now: 1688.
Total: 2.310700 ms (FindLiveObjects: 0.173800 ms CreateObjectMapping: 0.046800 ms MarkObjects: 2.071500 ms  DeleteObjects: 0.016400 ms)

========================================================================
Received Prepare
Registering precompiled user dll's ...
Registered in 0.001751 seconds.
Begin MonoManager ReloadAssembly
Native extension for WindowsStandalone target not found
Native extension for WebGL target not found
Refreshing native plugins compatible for Editor in 0.45 ms, found 0 plugins.
Preloading 0 native plugins for Editor in 0.00 ms.
Mono: successfully reloaded assembly
- Completed reload, in  1.597 seconds
Platform modules already initialized, skipping
Refreshing native plugins compatible for Editor in 0.60 ms, found 0 plugins.
Preloading 0 native plugins for Editor in 0.00 ms.
Unloading 1111 Unused Serialized files (Serialized files now loaded: 0)
System memory in use before: 74.5 MB.
System memory in use after: 74.6 MB.

Unloading 4 unused Assets to reduce memory usage. Loaded Objects now: 1691.
Total: 3.540100 ms (FindLiveObjects: 0.313000 ms CreateObjectMapping: 0.069300 ms MarkObjects: 3.130400 ms  DeleteObjects: 0.025000 ms)

